2018-09-17 16:03:54 Error: [PDOException] SQLSTATE[HY000] [1045] Access denied for user 'my_app'@'localhost' (using password: YES) in C:\Program Files (x86)\Ampps\www\CustomersAndProducts\vendor\cakephp\cakephp\src\Database\Driver.php on line 92
Stack Trace:
#0 C:\Program Files (x86)\Ampps\www\CustomersAndProducts\vendor\cakephp\cakephp\src\Database\Driver.php(92): PDO->__construct('mysql:host=loca...', 'my_app', 'secret', Array)
#1 C:\Program Files (x86)\Ampps\www\CustomersAndProducts\vendor\cakephp\cakephp\src\Database\Driver\Mysql.php(106): Cake\Database\Driver->_connect('mysql:host=loca...', Array)
#2 C:\Program Files (x86)\Ampps\www\CustomersAndProducts\vendor\cakephp\cakephp\src\Database\Schema\BaseSchema.php(45): Cake\Database\Driver\Mysql->connect()
#3 C:\Program Files (x86)\Ampps\www\CustomersAndProducts\vendor\cakephp\cakephp\src\Database\Dialect\MysqlDialectTrait.php(63): Cake\Database\Schema\BaseSchema->__construct(Object(Cake\Database\Driver\Mysql))
#4 C:\Program Files (x86)\Ampps\www\CustomersAndProducts\vendor\cakephp\cakephp\src\Database\Schema\Collection.php(52): Cake\Database\Driver\Mysql->schemaDialect()
#5 C:\Program Files (x86)\Ampps\www\CustomersAndProducts\vendor\cakephp\cakephp\src\Database\Schema\CachedCollection.php(42): Cake\Database\Schema\Collection->__construct(Object(Cake\Database\Connection))
#6 C:\Program Files (x86)\Ampps\www\CustomersAndProducts\vendor\cakephp\cakephp\src\Database\Connection.php(391): Cake\Database\Schema\CachedCollection->__construct(Object(Cake\Database\Connection), true)
#7 C:\Program Files (x86)\Ampps\www\CustomersAndProducts\vendor\cakephp\bake\src\Shell\Task\ModelTask.php(1049): Cake\Database\Connection->getSchemaCollection()
#8 C:\Program Files (x86)\Ampps\www\CustomersAndProducts\vendor\cakephp\bake\src\Shell\Task\ModelTask.php(1003): Bake\Shell\Task\ModelTask->_getAllTables()
#9 C:\Program Files (x86)\Ampps\www\CustomersAndProducts\vendor\cakephp\bake\src\Shell\Task\ModelTask.php(1018): Bake\Shell\Task\ModelTask->listAll()
#10 C:\Program Files (x86)\Ampps\www\CustomersAndProducts\vendor\cakephp\bake\src\Shell\BakeShell.php(252): Bake\Shell\Task\ModelTask->listUnskipped()
#11 C:\Program Files (x86)\Ampps\www\CustomersAndProducts\vendor\cakephp\cakephp\src\Console\Shell.php(518): Bake\Shell\BakeShell->all()
#12 C:\Program Files (x86)\Ampps\www\CustomersAndProducts\vendor\cakephp\cakephp\src\Console\CommandRunner.php(342): Cake\Console\Shell->runCommand(Array, true)
#13 C:\Program Files (x86)\Ampps\www\CustomersAndProducts\vendor\cakephp\cakephp\src\Console\CommandRunner.php(164): Cake\Console\CommandRunner->runShell(Object(Bake\Shell\BakeShell), Array)
#14 C:\Program Files (x86)\Ampps\www\CustomersAndProducts\bin\cake.php(12): Cake\Console\CommandRunner->run(Array)
#15 {main}


2018-09-21 12:43:57 Error: [Cake\Database\Exception] SQLSTATE[42S02]: Base table or view not found: 1146 Table 'customersandproducts.table' doesn't exist in C:\Program Files (x86)\Ampps\www\CustomersAndProducts\vendor\cakephp\cakephp\src\Database\Schema\Collection.php on line 131
Stack Trace:
#0 C:\Program Files (x86)\Ampps\www\CustomersAndProducts\vendor\cakephp\cakephp\src\Database\Schema\Collection.php(97): Cake\Database\Schema\Collection->_reflect('Column', 'table', Array, Object(Cake\Database\Schema\TableSchema))
#1 C:\Program Files (x86)\Ampps\www\CustomersAndProducts\vendor\cakephp\cakephp\src\Database\Schema\CachedCollection.php(63): Cake\Database\Schema\Collection->describe('table', Array)
#2 C:\Program Files (x86)\Ampps\www\CustomersAndProducts\vendor\cakephp\cakephp\src\ORM\Table.php(548): Cake\Database\Schema\CachedCollection->describe('table')
#3 C:\Program Files (x86)\Ampps\www\CustomersAndProducts\vendor\cakephp\cakephp\src\ORM\Table.php(673): Cake\ORM\Table->getSchema()
#4 C:\Program Files (x86)\Ampps\www\CustomersAndProducts\vendor\cakephp\bake\src\Shell\Task\ModelTask.php(221): Cake\ORM\Table->getPrimaryKey()
#5 C:\Program Files (x86)\Ampps\www\CustomersAndProducts\vendor\cakephp\bake\src\Shell\Task\ModelTask.php(131): Bake\Shell\Task\ModelTask->getAssociations(Object(Cake\ORM\Table))
#6 C:\Program Files (x86)\Ampps\www\CustomersAndProducts\vendor\cakephp\bake\src\Shell\Task\ModelTask.php(114): Bake\Shell\Task\ModelTask->getTableContext(Object(Cake\ORM\Table), 'table', 'Table')
#7 C:\Program Files (x86)\Ampps\www\CustomersAndProducts\vendor\cakephp\bake\src\Shell\Task\ModelTask.php(101): Bake\Shell\Task\ModelTask->bake('Table')
#8 C:\Program Files (x86)\Ampps\www\CustomersAndProducts\vendor\cakephp\bake\src\Shell\BakeShell.php(273): Bake\Shell\Task\ModelTask->main('Table')
#9 C:\Program Files (x86)\Ampps\www\CustomersAndProducts\vendor\cakephp\cakephp\src\Collection\CollectionTrait.php(51): Bake\Shell\BakeShell->Bake\Shell\{closure}('Table', 0)
#10 C:\Program Files (x86)\Ampps\www\CustomersAndProducts\vendor\cakephp\bake\src\Shell\BakeShell.php(274): Cake\Collection\Collection->each(Object(Closure))
#11 C:\Program Files (x86)\Ampps\www\CustomersAndProducts\vendor\cakephp\cakephp\src\Console\Shell.php(518): Bake\Shell\BakeShell->all('Table')
#12 C:\Program Files (x86)\Ampps\www\CustomersAndProducts\vendor\cakephp\cakephp\src\Console\CommandRunner.php(342): Cake\Console\Shell->runCommand(Array, true)
#13 C:\Program Files (x86)\Ampps\www\CustomersAndProducts\vendor\cakephp\cakephp\src\Console\CommandRunner.php(164): Cake\Console\CommandRunner->runShell(Object(Bake\Shell\BakeShell), Array)
#14 C:\Program Files (x86)\Ampps\www\CustomersAndProducts\bin\cake.php(12): Cake\Console\CommandRunner->run(Array)
#15 {main}


2018-09-21 12:44:06 Error: [Cake\Database\Exception] SQLSTATE[42S02]: Base table or view not found: 1146 Table 'customersandproducts.model' doesn't exist in C:\Program Files (x86)\Ampps\www\CustomersAndProducts\vendor\cakephp\cakephp\src\Database\Schema\Collection.php on line 131
Stack Trace:
#0 C:\Program Files (x86)\Ampps\www\CustomersAndProducts\vendor\cakephp\cakephp\src\Database\Schema\Collection.php(97): Cake\Database\Schema\Collection->_reflect('Column', 'model', Array, Object(Cake\Database\Schema\TableSchema))
#1 C:\Program Files (x86)\Ampps\www\CustomersAndProducts\vendor\cakephp\cakephp\src\Database\Schema\CachedCollection.php(63): Cake\Database\Schema\Collection->describe('model', Array)
#2 C:\Program Files (x86)\Ampps\www\CustomersAndProducts\vendor\cakephp\cakephp\src\ORM\Table.php(548): Cake\Database\Schema\CachedCollection->describe('model')
#3 C:\Program Files (x86)\Ampps\www\CustomersAndProducts\vendor\cakephp\cakephp\src\ORM\Table.php(673): Cake\ORM\Table->getSchema()
#4 C:\Program Files (x86)\Ampps\www\CustomersAndProducts\vendor\cakephp\bake\src\Shell\Task\ModelTask.php(221): Cake\ORM\Table->getPrimaryKey()
#5 C:\Program Files (x86)\Ampps\www\CustomersAndProducts\vendor\cakephp\bake\src\Shell\Task\ModelTask.php(131): Bake\Shell\Task\ModelTask->getAssociations(Object(Cake\ORM\Table))
#6 C:\Program Files (x86)\Ampps\www\CustomersAndProducts\vendor\cakephp\bake\src\Shell\Task\ModelTask.php(114): Bake\Shell\Task\ModelTask->getTableContext(Object(Cake\ORM\Table), 'model', 'Model')
#7 C:\Program Files (x86)\Ampps\www\CustomersAndProducts\vendor\cakephp\bake\src\Shell\Task\ModelTask.php(101): Bake\Shell\Task\ModelTask->bake('Model')
#8 C:\Program Files (x86)\Ampps\www\CustomersAndProducts\vendor\cakephp\bake\src\Shell\BakeShell.php(273): Bake\Shell\Task\ModelTask->main('Model')
#9 C:\Program Files (x86)\Ampps\www\CustomersAndProducts\vendor\cakephp\cakephp\src\Collection\CollectionTrait.php(51): Bake\Shell\BakeShell->Bake\Shell\{closure}('Model', 0)
#10 C:\Program Files (x86)\Ampps\www\CustomersAndProducts\vendor\cakephp\bake\src\Shell\BakeShell.php(274): Cake\Collection\Collection->each(Object(Closure))
#11 C:\Program Files (x86)\Ampps\www\CustomersAndProducts\vendor\cakephp\cakephp\src\Console\Shell.php(518): Bake\Shell\BakeShell->all('Model')
#12 C:\Program Files (x86)\Ampps\www\CustomersAndProducts\vendor\cakephp\cakephp\src\Console\CommandRunner.php(342): Cake\Console\Shell->runCommand(Array, true)
#13 C:\Program Files (x86)\Ampps\www\CustomersAndProducts\vendor\cakephp\cakephp\src\Console\CommandRunner.php(164): Cake\Console\CommandRunner->runShell(Object(Bake\Shell\BakeShell), Array)
#14 C:\Program Files (x86)\Ampps\www\CustomersAndProducts\bin\cake.php(12): Cake\Console\CommandRunner->run(Array)
#15 {main}


